<?xml version="1.0" encoding="UTF-8"?>
<testng-results ignored="0" total="1" passed="1" failed="0" skipped="0">
  <reporter-output>
  </reporter-output>
  <suite started-at="2023-09-03T15:58:34 IST" name="OpenCartSuite" finished-at="2023-09-03T15:59:09 IST" duration-ms="34670">
    <groups>
    </groups>
    <test started-at="2023-09-03T15:58:34 IST" name="OpenCartChromeTest" finished-at="2023-09-03T15:59:09 IST" duration-ms="34670">
      <class name="testCases.AccountRegTest">
        <test-method is-config="true" signature="setup(java.lang.String)[pri:0, instance:testCases.AccountRegTest@67d48005]" started-at="2023-09-03T15:58:35 IST" name="setup" finished-at="2023-09-03T15:59:02 IST" duration-ms="26767" status="PASS">
          <params>
            <param index="0">
              <value>
                <![CDATA[chrome]]>
              </value>
            </param>
          </params>
          <reporter-output>
          </reporter-output>
        </test-method> <!-- setup -->
        <test-method signature="accountRegTest()[pri:0, instance:testCases.AccountRegTest@67d48005]" started-at="2023-09-03T15:59:02 IST" name="accountRegTest" finished-at="2023-09-03T15:59:08 IST" duration-ms="5308" status="PASS">
          <reporter-output>
          </reporter-output>
        </test-method> <!-- accountRegTest -->
        <test-method is-config="true" signature="tearDown()[pri:0, instance:testCases.AccountRegTest@67d48005]" started-at="2023-09-03T15:59:08 IST" name="tearDown" finished-at="2023-09-03T15:59:09 IST" duration-ms="1329" status="PASS">
          <reporter-output>
          </reporter-output>
        </test-method> <!-- tearDown -->
      </class> <!-- testCases.AccountRegTest -->
    </test> <!-- OpenCartChromeTest -->
  </suite> <!-- OpenCartSuite -->
</testng-results>
